psql:./sql/501_cep_elevation_profile_aggregations.sql:2: NOTICE:  table "theme" does not exist, skipping
DROP TABLE
SELECT 420831
psql:./sql/501_cep_elevation_profile_aggregations.sql:4: NOTICE:  table "country_index" does not exist, skipping
DROP TABLE
SELECT 623714
psql:./sql/501_cep_elevation_profile_aggregations.sql:5: NOTICE:  table "ecoregion_index" does not exist, skipping
DROP TABLE
SELECT 623714
psql:./sql/501_cep_elevation_profile_aggregations.sql:6: NOTICE:  table "pa_index" does not exist, skipping
DROP TABLE
SELECT 962772
psql:./sql/501_cep_elevation_profile_aggregations.sql:10: NOTICE:  table "country_tot" does not exist, skipping
DROP TABLE
SELECT 300
psql:./sql/501_cep_elevation_profile_aggregations.sql:16: NOTICE:  table "country_tot_prot" does not exist, skipping
DROP TABLE
SELECT 265
psql:./sql/501_cep_elevation_profile_aggregations.sql:22: NOTICE:  table "country_tot_unprot" does not exist, skipping
DROP TABLE
SELECT 298
psql:./sql/501_cep_elevation_profile_aggregations.sql:28: NOTICE:  table "country_land" does not exist, skipping
DROP TABLE
SELECT 276
psql:./sql/501_cep_elevation_profile_aggregations.sql:34: NOTICE:  table "country_land_prot" does not exist, skipping
DROP TABLE
SELECT 257
psql:./sql/501_cep_elevation_profile_aggregations.sql:40: NOTICE:  table "country_land_unprot" does not exist, skipping
DROP TABLE
SELECT 267
psql:./sql/501_cep_elevation_profile_aggregations.sql:46: NOTICE:  table "country_marine" does not exist, skipping
DROP TABLE
SELECT 252
psql:./sql/501_cep_elevation_profile_aggregations.sql:52: NOTICE:  table "country_marine_prot" does not exist, skipping
DROP TABLE
SELECT 212
psql:./sql/501_cep_elevation_profile_aggregations.sql:58: NOTICE:  table "country_marine_unprot" does not exist, skipping
DROP TABLE
SELECT 249
psql:./sql/501_cep_elevation_profile_aggregations.sql:67: NOTICE:  table "eco_tot" does not exist, skipping
DROP TABLE
SELECT 1097
psql:./sql/501_cep_elevation_profile_aggregations.sql:73: NOTICE:  table "eco_tot_prot" does not exist, skipping
DROP TABLE
SELECT 1064
psql:./sql/501_cep_elevation_profile_aggregations.sql:79: NOTICE:  table "eco_tot_unprot" does not exist, skipping
DROP TABLE
SELECT 1067
psql:./sql/501_cep_elevation_profile_aggregations.sql:86: NOTICE:  table "eco_land" does not exist, skipping
DROP TABLE
SELECT 828
psql:./sql/501_cep_elevation_profile_aggregations.sql:92: NOTICE:  table "eco_land_prot" does not exist, skipping
DROP TABLE
SELECT 806
psql:./sql/501_cep_elevation_profile_aggregations.sql:98: NOTICE:  table "eco_land_unprot" does not exist, skipping
DROP TABLE
SELECT 812
psql:./sql/501_cep_elevation_profile_aggregations.sql:105: NOTICE:  table "eco_marine" does not exist, skipping
DROP TABLE
SELECT 269
psql:./sql/501_cep_elevation_profile_aggregations.sql:111: NOTICE:  table "eco_marine_prot" does not exist, skipping
DROP TABLE
SELECT 258
psql:./sql/501_cep_elevation_profile_aggregations.sql:117: NOTICE:  table "eco_marine_unprot" does not exist, skipping
DROP TABLE
SELECT 255
psql:./sql/501_cep_elevation_profile_aggregations.sql:125: NOTICE:  table "pa" does not exist, skipping
DROP TABLE
SELECT 183198
psql:./sql/501_cep_elevation_profile_aggregations.sql:135: NOTICE:  table "country_elevation_profile" does not exist, skipping
DROP TABLE
SELECT 300
psql:./sql/501_cep_elevation_profile_aggregations.sql:148: NOTICE:  table "ecoregion_elevation_profile" does not exist, skipping
DROP TABLE
SELECT 1097
psql:./sql/501_cep_elevation_profile_aggregations.sql:161: NOTICE:  table "wdpa_elevation_profile" does not exist, skipping
DROP TABLE
SELECT 183198
analysis done
TOTAL SCRIPT TIME: 31
