psql:./sql/090_output_tables.sql:5: NOTICE:  table "country_all_inds" does not exist, skipping
DROP TABLE
SELECT 300
psql:./sql/090_output_tables.sql:21: NOTICE:  table "country_ecoregions_stats" does not exist, skipping
DROP TABLE
SELECT 3024
psql:./sql/090_output_tables.sql:26: NOTICE:  table "ecoregion_all_inds" does not exist, skipping
DROP TABLE
SELECT 1097
psql:./sql/090_output_tables.sql:46: NOTICE:  table "wdpa_all_inds" does not exist, skipping
DROP TABLE
SELECT 250941
psql:./sql/0100_functions.sql:5: NOTICE:  drop cascades to function administrative_units.get_country_all_inds()
DROP TABLE
SELECT 0
psql:./sql/0100_functions.sql:8: NOTICE:  drop cascades to function administrative_units.get_country_ecoregions_stats()
DROP TABLE
SELECT 0
psql:./sql/0100_functions.sql:11: NOTICE:  table "ecoregion_all_inds_template" does not exist, skipping
DROP TABLE
SELECT 0
psql:./sql/0100_functions.sql:17: NOTICE:  table "wdpa_all_inds_template" does not exist, skipping
DROP TABLE
SELECT 0
psql:./sql/0100_functions.sql:27: NOTICE:  function administrative_units.get_country_all_inds() does not exist, skipping
DROP FUNCTION
CREATE FUNCTION
psql:./sql/0100_functions.sql:32: NOTICE:  function administrative_units.get_country_ecoregions_stats() does not exist, skipping
DROP FUNCTION
CREATE FUNCTION
psql:./sql/0100_functions.sql:40: NOTICE:  function administrative_units.get_region_all_inds() does not exist, skipping
DROP FUNCTION
CREATE FUNCTION
psql:./sql/0100_functions.sql:48: NOTICE:  function habitats_and_biotopes.get_ecoregion_all_inds() does not exist, skipping
DROP FUNCTION
CREATE FUNCTION
psql:./sql/0100_functions.sql:61: NOTICE:  function protected_sites.get_wdpa_all_inds() does not exist, skipping
DROP FUNCTION
CREATE FUNCTION
analysis done
TOTAL SCRIPT TIME: 7
