DROP TABLE
SELECT 300
DROP TABLE
SELECT 3024
DROP TABLE
SELECT 1097
DROP TABLE
SELECT 250941
psql:./sql/100_functions.sql:5: NOTICE:  drop cascades to 2 other objects
DETAIL:  drop cascades to function administrative_units.get_country_all_inds()
drop cascades to function administrative_units.get_region_all_inds()
DROP TABLE
SELECT 0
psql:./sql/100_functions.sql:8: NOTICE:  drop cascades to function administrative_units.get_country_ecoregions_stats()
DROP TABLE
SELECT 0
psql:./sql/100_functions.sql:11: NOTICE:  drop cascades to function habitats_and_biotopes.get_ecoregion_all_inds()
DROP TABLE
SELECT 0
psql:./sql/100_functions.sql:14: NOTICE:  drop cascades to function protected_sites.get_wdpa_all_inds()
DROP TABLE
SELECT 0
psql:./sql/100_functions.sql:24: NOTICE:  function administrative_units.get_country_all_inds() does not exist, skipping
DROP FUNCTION
CREATE FUNCTION
psql:./sql/100_functions.sql:29: NOTICE:  function administrative_units.get_country_ecoregions_stats() does not exist, skipping
DROP FUNCTION
CREATE FUNCTION
psql:./sql/100_functions.sql:37: NOTICE:  function administrative_units.get_region_all_inds() does not exist, skipping
DROP FUNCTION
CREATE FUNCTION
psql:./sql/100_functions.sql:45: NOTICE:  function habitats_and_biotopes.get_ecoregion_all_inds() does not exist, skipping
DROP FUNCTION
CREATE FUNCTION
psql:./sql/100_functions.sql:53: NOTICE:  function protected_sites.get_wdpa_all_inds() does not exist, skipping
DROP FUNCTION
CREATE FUNCTION
analysis done
TOTAL SCRIPT TIME: 9
