psql:./sql/100_functions.sql:5: NOTICE:  table "country_all_inds_template" does not exist, skipping
DROP TABLE
SELECT 0
psql:./sql/100_functions.sql:8: NOTICE:  drop cascades to function administrative_units.get_country_ecoregions_stats()
DROP TABLE
SELECT 0
psql:./sql/100_functions.sql:11: NOTICE:  drop cascades to function habitats_and_biotopes.get_ecoregion_all_inds()
DROP TABLE
SELECT 0
psql:./sql/100_functions.sql:17: NOTICE:  drop cascades to function protected_sites.get_wdpa_all_inds()
DROP TABLE
SELECT 0
psql:./sql/100_functions.sql:27: NOTICE:  function administrative_units.get_country_all_inds() does not exist, skipping
DROP FUNCTION
CREATE FUNCTION
psql:./sql/100_functions.sql:32: NOTICE:  function administrative_units.get_country_ecoregions_stats() does not exist, skipping
DROP FUNCTION
CREATE FUNCTION
psql:./sql/100_functions.sql:40: NOTICE:  function administrative_units.get_region_all_inds() does not exist, skipping
DROP FUNCTION
CREATE FUNCTION
psql:./sql/100_functions.sql:48: NOTICE:  function habitats_and_biotopes.get_ecoregion_all_inds() does not exist, skipping
DROP FUNCTION
CREATE FUNCTION
psql:./sql/100_functions.sql:61: NOTICE:  function protected_sites.get_wdpa_all_inds() does not exist, skipping
DROP FUNCTION
CREATE FUNCTION
analysis done
TOTAL SCRIPT TIME: 1
